<?xml version="1.0" encoding="UTF-8"?>
<testsuite name="edu.csula.storage.servlet.EventsDAOImplTest" tests="5" skipped="0" failures="0" errors="0" timestamp="2018-04-20T22:19:27" hostname="Alexs-MBP-5.frontierlocal.net" time="0.757">
  <properties/>
  <testcase name="getAll" classname="edu.csula.storage.servlet.EventsDAOImplTest" time="0.744"/>
  <testcase name="getById" classname="edu.csula.storage.servlet.EventsDAOImplTest" time="0.002"/>
  <testcase name="add" classname="edu.csula.storage.servlet.EventsDAOImplTest" time="0.002"/>
  <testcase name="set" classname="edu.csula.storage.servlet.EventsDAOImplTest" time="0.003"/>
  <testcase name="getAllWhenNull" classname="edu.csula.storage.servlet.EventsDAOImplTest" time="0.004"/>
  <system-out><![CDATA[]]></system-out>
  <system-err><![CDATA[]]></system-err>
</testsuite>
