<?xml version="1.0" encoding="UTF-8"?>
<testsuite name="edu.csula.storage.servlet.EventsDAOImplTest" tests="5" skipped="0" failures="0" errors="0" timestamp="2018-04-19T21:28:49" hostname="Alexs-MBP-5.frontierlocal.net" time="0.699">
  <properties/>
  <testcase name="getAll" classname="edu.csula.storage.servlet.EventsDAOImplTest" time="0.693"/>
  <testcase name="getById" classname="edu.csula.storage.servlet.EventsDAOImplTest" time="0.001"/>
  <testcase name="add" classname="edu.csula.storage.servlet.EventsDAOImplTest" time="0.002"/>
  <testcase name="set" classname="edu.csula.storage.servlet.EventsDAOImplTest" time="0.001"/>
  <testcase name="getAllWhenNull" classname="edu.csula.storage.servlet.EventsDAOImplTest" time="0.001"/>
  <system-out><![CDATA[]]></system-out>
  <system-err><![CDATA[]]></system-err>
</testsuite>
