<?xml version="1.0" encoding="UTF-8"?>
<testsuite name="edu.csula.storage.servlet.EventsDAOImplTest" tests="5" skipped="0" failures="0" errors="0" timestamp="2018-04-08T01:08:57" hostname="Alexs-MacBook-Pro-4.local" time="0.652">
  <properties/>
  <testcase name="getAll" classname="edu.csula.storage.servlet.EventsDAOImplTest" time="0.647"/>
  <testcase name="getById" classname="edu.csula.storage.servlet.EventsDAOImplTest" time="0.001"/>
  <testcase name="add" classname="edu.csula.storage.servlet.EventsDAOImplTest" time="0.001"/>
  <testcase name="set" classname="edu.csula.storage.servlet.EventsDAOImplTest" time="0.001"/>
  <testcase name="getAllWhenNull" classname="edu.csula.storage.servlet.EventsDAOImplTest" time="0.001"/>
  <system-out><![CDATA[]]></system-out>
  <system-err><![CDATA[]]></system-err>
</testsuite>
