<?xml version="1.0" encoding="UTF-8"?>
<testsuite name="edu.csula.models.EventTest" tests="2" skipped="0" failures="0" errors="0" timestamp="2018-04-20T22:19:27" hostname="Alexs-MBP-5.frontierlocal.net" time="0.004">
  <properties/>
  <testcase name="testEquals" classname="edu.csula.models.EventTest" time="0.003"/>
  <testcase name="testNotEquals" classname="edu.csula.models.EventTest" time="0.001"/>
  <system-out><![CDATA[]]></system-out>
  <system-err><![CDATA[]]></system-err>
</testsuite>
