<?xml version="1.0" encoding="UTF-8"?>
<testsuite name="edu.csula.storage.mysql.GeneratorsDAOImplTest" tests="4" skipped="0" failures="0" errors="0" timestamp="2018-05-07T01:49:38" hostname="Alexs-MBP-5.frontierlocal.net" time="0.01">
  <properties/>
  <testcase name="getAll" classname="edu.csula.storage.mysql.GeneratorsDAOImplTest" time="0.004"/>
  <testcase name="getById" classname="edu.csula.storage.mysql.GeneratorsDAOImplTest" time="0.001"/>
  <testcase name="add" classname="edu.csula.storage.mysql.GeneratorsDAOImplTest" time="0.001"/>
  <testcase name="set" classname="edu.csula.storage.mysql.GeneratorsDAOImplTest" time="0.001"/>
  <system-out><![CDATA[]]></system-out>
  <system-err><![CDATA[]]></system-err>
</testsuite>
