<?xml version="1.0" encoding="UTF-8"?>
<testsuite name="edu.csula.storage.mysql.EventsDAOImplTest" tests="4" skipped="0" failures="0" errors="0" timestamp="2018-05-12T19:10:57" hostname="Alexs-MBP-5.frontierlocal.net" time="0.64">
  <properties/>
  <testcase name="getAll" classname="edu.csula.storage.mysql.EventsDAOImplTest" time="0.497"/>
  <testcase name="getById" classname="edu.csula.storage.mysql.EventsDAOImplTest" time="0.137"/>
  <testcase name="add" classname="edu.csula.storage.mysql.EventsDAOImplTest" time="0.003"/>
  <testcase name="set" classname="edu.csula.storage.mysql.EventsDAOImplTest" time="0.002"/>
  <system-out><![CDATA[]]></system-out>
  <system-err><![CDATA[]]></system-err>
</testsuite>
